Using pre-set license
Built from '2020.3/staging' branch; Version is '2020.3.10f1 (297d780c91bc) revision 2719096'; Using compiler version '192528614'; Build Type 'Release'
OS: 'Windows 10 Home Single Language; OS build 19042.1083; Version 2009; 64bit' Language: 'pt' Physical Memory: 8106 MB
BatchMode: 1, IsHumanControllingUs: 0, StartBugReporterOnCrash: 0, Is64bit: 1, IsPro: 0

 COMMAND LINE ARGUMENTS:
C:\Program Files\Unity\Hub\Editor\2020.3.10f1\Editor\Unity.exe
-adb2
-batchMode
-noUpm
-name
AssetImportWorker0
-projectPath
D:/Downloads/CG/CG/cg_game/CG_Game
-logFile
Logs/AssetImportWorker0.log
-srvPort
65070
Successfully changed project path to: D:/Downloads/CG/CG/cg_game/CG_Game
D:/Downloads/CG/CG/cg_game/CG_Game
Using Asset Import Pipeline V2.
Refreshing native plugins compatible for Editor in 36.72 ms, found 2 plugins.
Preloading 0 native plugins for Editor in 0.00 ms.
Initialize engine version: 2020.3.10f1 (297d780c91bc)
[Subsystems] Discovering subsystems at path C:/Program Files/Unity/Hub/Editor/2020.3.10f1/Editor/Data/Resources/UnitySubsystems
[Subsystems] Discovering subsystems at path D:/Downloads/CG/CG/cg_game/CG_Game/Assets
GfxDevice: creating device client; threaded=0
Direct3D:
    Version:  Direct3D 11.0 [level 11.0]
    Renderer: NVIDIA GeForce MX110 (ID=0x174e)
    Vendor:   
    VRAM:     2010 MB
    Driver:   25.21.14.2531
Initialize mono
Mono path[0] = 'C:/Program Files/Unity/Hub/Editor/2020.3.10f1/Editor/Data/Managed'
Mono path[1] = 'C:/Program Files/Unity/Hub/Editor/2020.3.10f1/Editor/Data/MonoBleedingEdge/lib/mono/unityjit'
Mono config path = 'C:/Program Files/Unity/Hub/Editor/2020.3.10f1/Editor/Data/MonoBleedingEdge/etc'
Using monoOptions --debugger-agent=transport=dt_socket,embedding=1,server=y,suspend=n,address=127.0.0.1:56944
Begin MonoManager ReloadAssembly
Registering precompiled unity dll's ...
Register platform support module: C:/Program Files/Unity/Hub/Editor/2020.3.10f1/Editor/Data/PlaybackEngines/WindowsStandaloneSupport/UnityEditor.WindowsStandalone.Extensions.dll
Register platform support module: C:/Program Files/Unity/Hub/Editor/2020.3.10f1/Editor/Data/PlaybackEngines/LinuxStandaloneSupport/UnityEditor.LinuxStandalone.Extensions.dll
Registered in 0.002641 seconds.
Native extension for LinuxStandalone target not found
Native extension for WindowsStandalone target not found
Refreshing native plugins compatible for Editor in 33.71 ms, found 2 plugins.
Preloading 0 native plugins for Editor in 0.00 ms.
Mono: successfully reloaded assembly
- Completed reload, in  1.269 seconds
Platform modules already initialized, skipping
Registering precompiled user dll's ...
Registered in 0.002797 seconds.
Begin MonoManager ReloadAssembly
Native extension for LinuxStandalone target not found
Native extension for WindowsStandalone target not found
Refreshing native plugins compatible for Editor in 0.43 ms, found 2 plugins.
Preloading 0 native plugins for Editor in 0.00 ms.
Mono: successfully reloaded assembly
- Completed reload, in  1.218 seconds
Platform modules already initialized, skipping
========================================================================
Worker process is ready to serve import requests
Launched and connected shader compiler UnityShaderCompiler.exe after 0.06 seconds
Refreshing native plugins compatible for Editor in 0.47 ms, found 2 plugins.
Preloading 0 native plugins for Editor in 0.00 ms.
Unloading 1394 Unused Serialized files (Serialized files now loaded: 0)
System memory in use before: 67.9 MB.
System memory in use after: 67.9 MB.

Unloading 19 unused Assets to reduce memory usage. Loaded Objects now: 1831.
Total: 1.809500 ms (FindLiveObjects: 0.142900 ms CreateObjectMapping: 0.042400 ms MarkObjects: 1.490200 ms  DeleteObjects: 0.133100 ms)

========================================================================
Received Import Request.
  path: Assets/alcool_gel/textures
  artifactKey: Guid(457f12299877df34a911bf7987f38c8c) Importer(815301076,1909f56bfc062723c751e8b465ee728b)
Start importing Assets/alcool_gel/textures using Guid(457f12299877df34a911bf7987f38c8c) Importer(815301076,1909f56bfc062723c751e8b465ee728b)  -> (artifact id: 'd8be4b1ae87f07dfefe17612ef6b047a') in 0.040865 seconds
  Import took 0.044147 seconds .

========================================================================
Received Import Request.
  Time since last request: 0.000308 seconds.
  path: Assets/alcool_gel/textures/Alcohol_Antibacterial_Proimpo1.jpeg
  artifactKey: Guid(d5d401dcfdc599447a195a6b26f80507) Importer(815301076,1909f56bfc062723c751e8b465ee728b)
Start importing Assets/alcool_gel/textures/Alcohol_Antibacterial_Proimpo1.jpeg using Guid(d5d401dcfdc599447a195a6b26f80507) Importer(815301076,1909f56bfc062723c751e8b465ee728b)  -> (artifact id: 'cc1803bdb0a7ad4c601898b008c5fe02') in 0.310553 seconds
  Import took 0.313420 seconds .

========================================================================
Received Import Request.
  Time since last request: 0.000333 seconds.
  path: Assets/alcool_gel/textures/Alcohol_Antibacterial_Proimpo2.jpeg
  artifactKey: Guid(2f0207f64e735ea44bbb5cbb252df95d) Importer(815301076,1909f56bfc062723c751e8b465ee728b)
Start importing Assets/alcool_gel/textures/Alcohol_Antibacterial_Proimpo2.jpeg using Guid(2f0207f64e735ea44bbb5cbb252df95d) Importer(815301076,1909f56bfc062723c751e8b465ee728b)  -> (artifact id: '1f85fc87edc379989eee26b60f072d19') in 0.018521 seconds
  Import took 0.021708 seconds .

========================================================================
Received Prepare
Refreshing native plugins compatible for Editor in 2.21 ms, found 2 plugins.
Preloading 0 native plugins for Editor in 0.00 ms.
Unloading 12 Unused Serialized files (Serialized files now loaded: 0)
System memory in use before: 40.3 MB.
System memory in use after: 40.3 MB.

Unloading 12 unused Assets to reduce memory usage. Loaded Objects now: 1833.
Total: 2.306700 ms (FindLiveObjects: 0.146400 ms CreateObjectMapping: 0.048900 ms MarkObjects: 2.045200 ms  DeleteObjects: 0.065000 ms)

========================================================================
Received Prepare
Registering precompiled user dll's ...
Registered in 0.002826 seconds.
Begin MonoManager ReloadAssembly
Native extension for LinuxStandalone target not found
Native extension for WindowsStandalone target not found
Refreshing native plugins compatible for Editor in 0.48 ms, found 2 plugins.
Preloading 0 native plugins for Editor in 0.00 ms.
Mono: successfully reloaded assembly
- Completed reload, in  1.344 seconds
Platform modules already initialized, skipping
Refreshing native plugins compatible for Editor in 0.85 ms, found 2 plugins.
Preloading 0 native plugins for Editor in 0.00 ms.
Unloading 1387 Unused Serialized files (Serialized files now loaded: 0)
System memory in use before: 67.6 MB.
System memory in use after: 67.7 MB.

Unloading 14 unused Assets to reduce memory usage. Loaded Objects now: 1836.
Total: 2.771700 ms (FindLiveObjects: 0.310100 ms CreateObjectMapping: 0.058000 ms MarkObjects: 2.294000 ms  DeleteObjects: 0.108800 ms)

AssetImportWorkerClient::OnTransportError - code=2 error=End of file
